<?xml version="1.0" encoding="UTF-8"?>
<testng-results ignored="0" total="1" passed="1" failed="0" skipped="0">
  <reporter-output>
  </reporter-output>
  <suite started-at="2025-01-29T15:34:15 IST" name="Default suite" finished-at="2025-01-29T15:34:33 IST" duration-ms="18097">
    <groups>
    </groups>
    <test started-at="2025-01-29T15:34:15 IST" name="Default test" finished-at="2025-01-29T15:34:33 IST" duration-ms="18097">
      <class name="amazon_tests_testcases.testcase_3_register_login">
        <test-method is-config="true" signature="launch()[pri:0, instance:amazon_tests_testcases.testcase_3_register_login@66f57048]" started-at="2025-01-29T15:34:15 IST" name="launch" finished-at="2025-01-29T15:34:24 IST" duration-ms="9365" status="PASS">
          <reporter-output>
          </reporter-output>
        </test-method> <!-- launch -->
        <test-method signature="reg_new_custandlogin()[pri:0, instance:amazon_tests_testcases.testcase_3_register_login@66f57048]" started-at="2025-01-29T15:34:24 IST" name="reg_new_custandlogin" finished-at="2025-01-29T15:34:33 IST" duration-ms="8670" status="PASS">
          <reporter-output>
          </reporter-output>
        </test-method> <!-- reg_new_custandlogin -->
        <test-method is-config="true" signature="quit()[pri:0, instance:amazon_tests_testcases.testcase_3_register_login@66f57048]" started-at="2025-01-29T15:34:33 IST" name="quit" finished-at="2025-01-29T15:34:33 IST" duration-ms="1" status="PASS">
          <reporter-output>
          </reporter-output>
        </test-method> <!-- quit -->
      </class> <!-- amazon_tests_testcases.testcase_3_register_login -->
    </test> <!-- Default test -->
  </suite> <!-- Default suite -->
</testng-results>
